<?xml version="1.0" encoding="UTF-8"?>
<!-- Generated by org.testng.reporters.JUnitReportReporter -->
<testsuite hostname="DESKTOP-VLHIS80" failures="0" tests="12" name="almosafer.almosafer.App" time="51.726" errors="0" timestamp="2025-05-05T13:27:42 GMT+03:00" skipped="0">
  <testcase classname="almosafer.almosafer.App" name="CheckTheDefaultLanguageIsEnglish" time="3.076"/>
  <system-out/>
  <testcase classname="almosafer.almosafer.App" name="CheckDefaultCurrencyIsSAR" time="3.069"/>
  <system-out/>
  <testcase classname="almosafer.almosafer.App" name="CheckTheContactNumber" time="3.046"/>
  <system-out/>
  <testcase classname="almosafer.almosafer.App" name="TestVerifyQitafLogoInFooter" time="5.300"/>
  <system-out/>
  <testcase classname="almosafer.almosafer.App" name="checkHotelsTabNotSelectedByDefault" time="3.038"/>
  <system-out/>
  <testcase classname="almosafer.almosafer.App" name="checkDepartureDateIsDayAfterTomorrow" time="3.069"/>
  <system-out/>
  <testcase classname="almosafer.almosafer.App" name="checkReturnDateIsDayAfterTomorrow" time="3.045"/>
  <system-out/>
  <testcase classname="almosafer.almosafer.App" name="changeLanguageRandomly" time="4.111"/>
  <system-out/>
  <testcase classname="almosafer.almosafer.App" name="switchToHotelTab" time="5.781"/>
  <system-out/>
  <testcase classname="almosafer.almosafer.App" name="TestSelectRandomStayOption" time="2.494"/>
  <system-out/>
  <testcase classname="almosafer.almosafer.App" name="clickOnSearchHotelsButton" time="10.184"/>
  <system-out/>
  <testcase classname="almosafer.almosafer.App" name="waitForHotelsResultsToLoad" time="5.513"/>
  <system-out/>
</testsuite> <!-- almosafer.almosafer.App -->
