<?xml version="1.0" encoding="UTF-8"?>
<!-- Generated by org.testng.reporters.JUnitReportReporter -->
<testsuite hostname="DESKTOP-VLHIS80" failures="0" tests="12" name="almosafer.almosafer.AlmosaferTest" time="53.001" errors="0" timestamp="2025-05-05T13:51:02 GMT+03:00" skipped="0">
  <testcase classname="almosafer.almosafer.AlmosaferTest" name="CheckTheDefaultLanguageIsEnglish" time="3.065"/>
  <system-out/>
  <testcase classname="almosafer.almosafer.AlmosaferTest" name="CheckDefaultCurrencyIsSAR" time="3.067"/>
  <system-out/>
  <testcase classname="almosafer.almosafer.AlmosaferTest" name="CheckTheContactNumber" time="3.053"/>
  <system-out/>
  <testcase classname="almosafer.almosafer.AlmosaferTest" name="TestVerifyQitafLogoInFooter" time="5.737"/>
  <system-out/>
  <testcase classname="almosafer.almosafer.AlmosaferTest" name="checkHotelsTabNotSelectedByDefault" time="3.041"/>
  <system-out/>
  <testcase classname="almosafer.almosafer.AlmosaferTest" name="checkDepartureDateIsDayAfterTomorrow" time="3.076"/>
  <system-out/>
  <testcase classname="almosafer.almosafer.AlmosaferTest" name="checkReturnDateIsDayAfterTomorrow" time="3.062"/>
  <system-out/>
  <testcase classname="almosafer.almosafer.AlmosaferTest" name="changeLanguageRandomly" time="5.503"/>
  <system-out/>
  <testcase classname="almosafer.almosafer.AlmosaferTest" name="switchToHotelTab" time="5.708"/>
  <system-out/>
  <testcase classname="almosafer.almosafer.AlmosaferTest" name="TestSelectRandomStayOption" time="2.422"/>
  <system-out/>
  <testcase classname="almosafer.almosafer.AlmosaferTest" name="clickOnSearchHotelsButton" time="11.211"/>
  <system-out/>
  <testcase classname="almosafer.almosafer.AlmosaferTest" name="waitForHotelsResultsToLoad" time="4.056"/>
  <system-out/>
</testsuite> <!-- almosafer.almosafer.AlmosaferTest -->
